<?xml version="1.0" encoding="UTF-8"?>
<!-- Generated by org.testng.reporters.JUnitXMLReporter -->
<testsuite hostname="hp" ignored="0" name="Test BigBasket" tests="10" failures="0" timestamp="2021-05-28T12:46:30 IST" time="631.966" errors="0">
  <testcase name="test_ShopBySearchFunctionality" time="51.34" classname="com.htc.bigbasket.test.TestBigbasketWithoutLogin"/>
  <testcase name="test_ShopByOffer" time="54.974" classname="com.htc.bigbasket.test.TestBigbasketWithoutLogin"/>
  <testcase name="test_ShopByCategory" time="63.583" classname="com.htc.bigbasket.test.TestBigbasketWithoutLogin"/>
  <testcase name="test_ShopByDealOfWeekOffers" time="53.033" classname="com.htc.bigbasket.test.TestBigbasketWithoutLogin"/>
  <testcase name="test_AppDownloadFunctionality" time="35.926" classname="com.htc.bigbasket.test.TestBigbasketWithoutLogin"/>
  <testcase name="test_UserLogin" time="46.099" classname="com.htc.bigbasket.test.TestBigbasketWithLogin"/>
  <testcase name="test_UserProfileVarification" time="36.289" classname="com.htc.bigbasket.test.TestBigbasketWithLogin"/>
  <testcase name="test_EditUserProfileTest" time="103.172" classname="com.htc.bigbasket.test.TestBigbasketWithLogin"/>
  <testcase name="test_ProductCostVarification" time="88.44" classname="com.htc.bigbasket.test.TestBigbasketWithLogin"/>
  <testcase name="test_RemoveItemsFromCartTest" time="52.373" classname="com.htc.bigbasket.test.TestBigbasketWithLogin"/>
</testsuite> <!-- Test BigBasket -->
