<?xml version="1.0" encoding="UTF-8"?>
<testng-results skipped="0" failed="0" ignored="0" total="10" passed="10">
  <reporter-output>
  </reporter-output>
  <suite name="Suite" duration-ms="673574" started-at="2021-06-04T17:36:09 IST" finished-at="2021-06-04T17:47:23 IST">
    <groups>
    </groups>
    <test name="Test BigBasket" duration-ms="673574" started-at="2021-06-04T17:36:09 IST" finished-at="2021-06-04T17:47:23 IST">
      <class name="com.htc.bigbasket.test.TestBigbasketWithLogin">
        <test-method status="PASS" signature="browserSetup()[pri:0, instance:com.htc.bigbasket.test.TestBigbasketWithLogin@4de4b452]" name="browserSetup" is-config="true" duration-ms="13702" started-at="2021-06-04T17:41:28 IST" finished-at="2021-06-04T17:41:42 IST">
          <reporter-output>
          </reporter-output>
        </test-method> <!-- browserSetup -->
        <test-method status="PASS" signature="test_UserLogin(java.util.Map)[pri:1, instance:com.htc.bigbasket.test.TestBigbasketWithLogin@4de4b452]" name="test_UserLogin" duration-ms="51619" started-at="2021-06-04T17:41:42 IST" data-provider="UserData" finished-at="2021-06-04T17:42:33 IST">
          <params>
            <param index="0">
              <value>
                <![CDATA[{firstname=Prashant, profileEditAssert=Successfully Updated Profile, pageTitle=Buy THE BROOKLYN CREAMERY Summer Strawberries Ice Cream Online at Best Price - bigbasket, dob=01-Jan-1995, emptyCartMsg=There are no items in your basket., memberName=Prashant More, downloadAppTitle=Online Grocery Shopping and Online Supermarket in India - bigbasket, mobileNo=9.02172998E9, email=more23101996@gmail.com, lastname=More}]]>
              </value>
            </param>
          </params>
          <reporter-output>
          </reporter-output>
        </test-method> <!-- test_UserLogin -->
        <test-method status="PASS" signature="test_UserProfileVarification(java.util.Map)[pri:2, instance:com.htc.bigbasket.test.TestBigbasketWithLogin@4de4b452]" name="test_UserProfileVarification" duration-ms="27092" started-at="2021-06-04T17:42:34 IST" data-provider="UserData" finished-at="2021-06-04T17:43:01 IST">
          <params>
            <param index="0">
              <value>
                <![CDATA[{firstname=Prashant, profileEditAssert=Successfully Updated Profile, pageTitle=Buy THE BROOKLYN CREAMERY Summer Strawberries Ice Cream Online at Best Price - bigbasket, dob=01-Jan-1995, emptyCartMsg=There are no items in your basket., memberName=Prashant More, downloadAppTitle=Online Grocery Shopping and Online Supermarket in India - bigbasket, mobileNo=9.02172998E9, email=more23101996@gmail.com, lastname=More}]]>
              </value>
            </param>
          </params>
          <reporter-output>
          </reporter-output>
        </test-method> <!-- test_UserProfileVarification -->
        <test-method status="PASS" signature="test_EditUserProfileTest(java.util.Map)[pri:3, instance:com.htc.bigbasket.test.TestBigbasketWithLogin@4de4b452]" name="test_EditUserProfileTest" duration-ms="100812" started-at="2021-06-04T17:43:02 IST" data-provider="UserData" finished-at="2021-06-04T17:44:42 IST">
          <params>
            <param index="0">
              <value>
                <![CDATA[{firstname=Prashant, profileEditAssert=Successfully Updated Profile, pageTitle=Buy THE BROOKLYN CREAMERY Summer Strawberries Ice Cream Online at Best Price - bigbasket, dob=01-Jan-1995, emptyCartMsg=There are no items in your basket., memberName=Prashant More, downloadAppTitle=Online Grocery Shopping and Online Supermarket in India - bigbasket, mobileNo=9.02172998E9, email=more23101996@gmail.com, lastname=More}]]>
              </value>
            </param>
          </params>
          <reporter-output>
          </reporter-output>
        </test-method> <!-- test_EditUserProfileTest -->
        <test-method status="PASS" signature="test_ProductCostVarification(java.util.Map)[pri:4, instance:com.htc.bigbasket.test.TestBigbasketWithLogin@4de4b452]" name="test_ProductCostVarification" duration-ms="84222" started-at="2021-06-04T17:44:43 IST" data-provider="UserData" finished-at="2021-06-04T17:46:07 IST">
          <params>
            <param index="0">
              <value>
                <![CDATA[{firstname=Prashant, profileEditAssert=Successfully Updated Profile, pageTitle=Buy THE BROOKLYN CREAMERY Summer Strawberries Ice Cream Online at Best Price - bigbasket, dob=01-Jan-1995, emptyCartMsg=There are no items in your basket., memberName=Prashant More, downloadAppTitle=Online Grocery Shopping and Online Supermarket in India - bigbasket, mobileNo=9.02172998E9, email=more23101996@gmail.com, lastname=More}]]>
              </value>
            </param>
          </params>
          <reporter-output>
          </reporter-output>
        </test-method> <!-- test_ProductCostVarification -->
        <test-method status="PASS" signature="test_RemoveItemsFromCartTest(java.util.Map)[pri:5, instance:com.htc.bigbasket.test.TestBigbasketWithLogin@4de4b452]" name="test_RemoveItemsFromCartTest" duration-ms="53335" started-at="2021-06-04T17:46:07 IST" data-provider="UserData" finished-at="2021-06-04T17:47:01 IST">
          <params>
            <param index="0">
              <value>
                <![CDATA[{firstname=Prashant, profileEditAssert=Successfully Updated Profile, pageTitle=Buy THE BROOKLYN CREAMERY Summer Strawberries Ice Cream Online at Best Price - bigbasket, dob=01-Jan-1995, emptyCartMsg=There are no items in your basket., memberName=Prashant More, downloadAppTitle=Online Grocery Shopping and Online Supermarket in India - bigbasket, mobileNo=9.02172998E9, email=more23101996@gmail.com, lastname=More}]]>
              </value>
            </param>
          </params>
          <reporter-output>
          </reporter-output>
        </test-method> <!-- test_RemoveItemsFromCartTest -->
        <test-method status="PASS" signature="doLogOut()[pri:0, instance:com.htc.bigbasket.test.TestBigbasketWithLogin@4de4b452]" name="doLogOut" is-config="true" duration-ms="21993" started-at="2021-06-04T17:47:01 IST" finished-at="2021-06-04T17:47:23 IST">
          <reporter-output>
          </reporter-output>
        </test-method> <!-- doLogOut -->
      </class> <!-- com.htc.bigbasket.test.TestBigbasketWithLogin -->
      <class name="com.htc.bigbasket.test.TestBigbasketWithoutLogin">
        <test-method status="PASS" signature="browserSetup()[pri:0, instance:com.htc.bigbasket.test.TestBigbasketWithoutLogin@33990a0c]" name="browserSetup" is-config="true" duration-ms="29308" started-at="2021-06-04T17:36:09 IST" finished-at="2021-06-04T17:36:39 IST">
          <reporter-output>
          </reporter-output>
        </test-method> <!-- browserSetup -->
        <test-method status="PASS" signature="test_ShopBySearchFunctionality(java.util.Map)[pri:1, instance:com.htc.bigbasket.test.TestBigbasketWithoutLogin@33990a0c]" name="test_ShopBySearchFunctionality" duration-ms="48689" started-at="2021-06-04T17:36:41 IST" data-provider="UserData" finished-at="2021-06-04T17:37:29 IST">
          <params>
            <param index="0">
              <value>
                <![CDATA[{firstname=Prashant, profileEditAssert=Successfully Updated Profile, pageTitle=Buy THE BROOKLYN CREAMERY Summer Strawberries Ice Cream Online at Best Price - bigbasket, dob=01-Jan-1995, emptyCartMsg=There are no items in your basket., memberName=Prashant More, downloadAppTitle=Online Grocery Shopping and Online Supermarket in India - bigbasket, mobileNo=9.02172998E9, email=more23101996@gmail.com, lastname=More}]]>
              </value>
            </param>
          </params>
          <reporter-output>
          </reporter-output>
        </test-method> <!-- test_ShopBySearchFunctionality -->
        <test-method status="PASS" signature="test_ShopByOffer(java.util.Map)[pri:2, instance:com.htc.bigbasket.test.TestBigbasketWithoutLogin@33990a0c]" name="test_ShopByOffer" duration-ms="72073" started-at="2021-06-04T17:37:30 IST" data-provider="UserData" finished-at="2021-06-04T17:38:42 IST">
          <params>
            <param index="0">
              <value>
                <![CDATA[{firstname=Prashant, profileEditAssert=Successfully Updated Profile, pageTitle=Buy THE BROOKLYN CREAMERY Summer Strawberries Ice Cream Online at Best Price - bigbasket, dob=01-Jan-1995, emptyCartMsg=There are no items in your basket., memberName=Prashant More, downloadAppTitle=Online Grocery Shopping and Online Supermarket in India - bigbasket, mobileNo=9.02172998E9, email=more23101996@gmail.com, lastname=More}]]>
              </value>
            </param>
          </params>
          <reporter-output>
          </reporter-output>
        </test-method> <!-- test_ShopByOffer -->
        <test-method status="PASS" signature="test_ShopByCategory(java.util.Map)[pri:3, instance:com.htc.bigbasket.test.TestBigbasketWithoutLogin@33990a0c]" name="test_ShopByCategory" duration-ms="71299" started-at="2021-06-04T17:38:42 IST" data-provider="UserData" finished-at="2021-06-04T17:39:54 IST">
          <params>
            <param index="0">
              <value>
                <![CDATA[{firstname=Prashant, profileEditAssert=Successfully Updated Profile, pageTitle=Buy THE BROOKLYN CREAMERY Summer Strawberries Ice Cream Online at Best Price - bigbasket, dob=01-Jan-1995, emptyCartMsg=There are no items in your basket., memberName=Prashant More, downloadAppTitle=Online Grocery Shopping and Online Supermarket in India - bigbasket, mobileNo=9.02172998E9, email=more23101996@gmail.com, lastname=More}]]>
              </value>
            </param>
          </params>
          <reporter-output>
          </reporter-output>
        </test-method> <!-- test_ShopByCategory -->
        <test-method status="PASS" signature="test_ShopByDealOfWeekOffers(java.util.Map)[pri:4, instance:com.htc.bigbasket.test.TestBigbasketWithoutLogin@33990a0c]" name="test_ShopByDealOfWeekOffers" duration-ms="56239" started-at="2021-06-04T17:39:54 IST" data-provider="UserData" finished-at="2021-06-04T17:40:50 IST">
          <params>
            <param index="0">
              <value>
                <![CDATA[{firstname=Prashant, profileEditAssert=Successfully Updated Profile, pageTitle=Buy THE BROOKLYN CREAMERY Summer Strawberries Ice Cream Online at Best Price - bigbasket, dob=01-Jan-1995, emptyCartMsg=There are no items in your basket., memberName=Prashant More, downloadAppTitle=Online Grocery Shopping and Online Supermarket in India - bigbasket, mobileNo=9.02172998E9, email=more23101996@gmail.com, lastname=More}]]>
              </value>
            </param>
          </params>
          <reporter-output>
          </reporter-output>
        </test-method> <!-- test_ShopByDealOfWeekOffers -->
        <test-method status="PASS" signature="test_AppDownloadFunctionality(java.util.Map)[pri:5, instance:com.htc.bigbasket.test.TestBigbasketWithoutLogin@33990a0c]" name="test_AppDownloadFunctionality" duration-ms="36930" started-at="2021-06-04T17:40:51 IST" data-provider="UserData" finished-at="2021-06-04T17:41:27 IST">
          <params>
            <param index="0">
              <value>
                <![CDATA[{firstname=Prashant, profileEditAssert=Successfully Updated Profile, pageTitle=Buy THE BROOKLYN CREAMERY Summer Strawberries Ice Cream Online at Best Price - bigbasket, dob=01-Jan-1995, emptyCartMsg=There are no items in your basket., memberName=Prashant More, downloadAppTitle=Online Grocery Shopping and Online Supermarket in India - bigbasket, mobileNo=9.02172998E9, email=more23101996@gmail.com, lastname=More}]]>
              </value>
            </param>
          </params>
          <reporter-output>
          </reporter-output>
        </test-method> <!-- test_AppDownloadFunctionality -->
        <test-method status="PASS" signature="endTest()[pri:0, instance:com.htc.bigbasket.test.TestBigbasketWithoutLogin@33990a0c]" name="endTest" is-config="true" duration-ms="1" started-at="2021-06-04T17:47:23 IST" finished-at="2021-06-04T17:47:23 IST">
          <reporter-output>
          </reporter-output>
        </test-method> <!-- endTest -->
      </class> <!-- com.htc.bigbasket.test.TestBigbasketWithoutLogin -->
    </test> <!-- Test BigBasket -->
  </suite> <!-- Suite -->
</testng-results>
